<?xml version="1.0" encoding="UTF-8"?>
<!-- Generated by org.testng.reporters.JUnitReportReporter -->
<testsuite hostname="DESKTOP-BHM6V9T" failures="0" tests="2" name="jafra.library.functions.AllFunctions" time="37.747" errors="0" timestamp="24 Nov 2019 17:01:10 GMT" skipped="0">
  <testcase classname="jafra.library.functions.AllFunctions" name="OpenJafraWebsite" time="32.739"/>
  <testcase classname="jafra.library.functions.AllFunctions" name="GetUsaPhoneNumber" time="5.008"/>
</testsuite> <!-- jafra.library.functions.AllFunctions -->
