<?xml version="1.0" encoding="UTF-8"?>
<!-- Generated by org.testng.reporters.JUnitReportReporter -->
<testsuite hostname="DESKTOP-BHM6V9T" failures="0" tests="2" name="jafra.library.functions.AllFunctions" time="42.234" errors="0" timestamp="24 Nov 2019 20:24:37 GMT" skipped="0">
  <testcase classname="jafra.library.functions.AllFunctions" name="OpenJafraWebsite" time="34.702"/>
  <testcase classname="jafra.library.functions.AllFunctions" name="GetUsaPhoneNumber" time="7.532"/>
</testsuite> <!-- jafra.library.functions.AllFunctions -->
