<?xml version="1.0" encoding="UTF-8"?>
<!-- Generated by org.testng.reporters.JUnitReportReporter -->
<testsuite hostname="DESKTOP-BHM6V9T" failures="0" tests="1" name="jafra.library.functions.CommonFunctions" time="53.664" errors="0" timestamp="12 Jan 2019 11:17:34 GMT" skipped="0">
  <testcase classname="jafra.library.functions.CommonFunctions" name="openbrowser" time="53.664"/>
</testsuite> <!-- jafra.library.functions.CommonFunctions -->
