<?xml version="1.0" encoding="UTF-8"?>
<!-- Generated by org.testng.reporters.JUnitReportReporter -->
<testsuite skipped="0" hostname="DESKTOP-BHM6V9T" name="jafra.library.functions.AllFunctions" tests="2" failures="0" timestamp="05 Apr 2020 13:56:38 GMT" time="63.645" errors="0">
  <testcase name="OpenJafraWebsite" time="21.340" classname="jafra.library.functions.AllFunctions"/>
  <testcase name="GetUsaPhoneNumber" time="42.305" classname="jafra.library.functions.AllFunctions"/>
</testsuite> <!-- jafra.library.functions.AllFunctions -->
