<?xml version="1.0" encoding="UTF-8"?>
<!-- Generated by org.testng.reporters.JUnitReportReporter -->
<testsuite skipped="0" hostname="DESKTOP-BHM6V9T" name="jafra.library.functions.AllFunctions" tests="4" failures="0" timestamp="05 Apr 2020 15:07:34 GMT" time="100.455" errors="0">
  <testcase name="OpenJafraWebsite" time="29.943" classname="jafra.library.functions.AllFunctions"/>
  <testcase name="GetUsaPhoneNumber" time="26.979" classname="jafra.library.functions.AllFunctions"/>
  <testcase name="demoMethod" time="22.598" classname="jafra.library.functions.AllFunctions"/>
  <testcase name="demoMethod2" time="20.935" classname="jafra.library.functions.AllFunctions"/>
</testsuite> <!-- jafra.library.functions.AllFunctions -->
