<?xml version="1.0" encoding="UTF-8"?>
<!-- Generated by org.testng.reporters.JUnitReportReporter -->
<testsuite skipped="0" hostname="DESKTOP-BHM6V9T" name="jafra.library.functions.AllFunctions" tests="2" failures="0" timestamp="05 Apr 2020 12:32:36 GMT" time="88.621" errors="0">
  <testcase name="OpenJafraWebsite" time="41.689" classname="jafra.library.functions.AllFunctions"/>
  <testcase name="GetUsaPhoneNumber" time="46.932" classname="jafra.library.functions.AllFunctions"/>
</testsuite> <!-- jafra.library.functions.AllFunctions -->
