<?xml version="1.0" encoding="UTF-8"?>
<!-- Generated by org.testng.reporters.JUnitReportReporter -->
<testsuite hostname="DESKTOP-BHM6V9T" failures="0" tests="2" name="jafra.library.functions.AllFunctions" time="86.489" errors="0" timestamp="28 Nov 2019 19:39:43 GMT" skipped="0">
  <testcase classname="jafra.library.functions.AllFunctions" name="OpenJafraWebsite" time="79.836"/>
  <testcase classname="jafra.library.functions.AllFunctions" name="GetUsaPhoneNumber" time="6.653"/>
</testsuite> <!-- jafra.library.functions.AllFunctions -->
