<?xml version="1.0" encoding="UTF-8"?>
<!-- Generated by org.testng.reporters.JUnitReportReporter -->
<testsuite hostname="DESKTOP-BHM6V9T" failures="0" tests="2" name="jafra.library.functions.AllFunctions" time="34.997" errors="0" timestamp="28 Nov 2019 18:47:44 GMT" skipped="0">
  <testcase classname="jafra.library.functions.AllFunctions" name="OpenJafraWebsite" time="30.515"/>
  <testcase classname="jafra.library.functions.AllFunctions" name="GetUsaPhoneNumber" time="4.482"/>
</testsuite> <!-- jafra.library.functions.AllFunctions -->
