<?xml version="1.0" encoding="UTF-8"?>
<!-- Generated by org.testng.reporters.JUnitReportReporter -->
<testsuite skipped="0" hostname="DESKTOP-BHM6V9T" name="jafra.library.functions.AllFunctions" tests="2" failures="0" timestamp="01 Dec 2019 13:05:31 GMT" time="68.625" errors="0">
  <testcase name="OpenJafraWebsite" time="57.951" classname="jafra.library.functions.AllFunctions"/>
  <testcase name="GetUsaPhoneNumber" time="10.674" classname="jafra.library.functions.AllFunctions"/>
</testsuite> <!-- jafra.library.functions.AllFunctions -->
